<?xml version="1.0" encoding="UTF-8"?>
<!-- Generated by org.testng.reporters.JUnitReportReporter -->
<testsuite hostname="MSI" failures="0" tests="1" name="testCases.TC_0002_UserCreationReqEmptyField" time="16.014" errors="0" timestamp="2025-06-14T21:59:12 IST" skipped="0">
  <testcase classname="testCases.TC_0002_UserCreationReqEmptyField" name="userCreationHappyFlow" time="16.014"/>
</testsuite> <!-- testCases.TC_0002_UserCreationReqEmptyField -->
