<?xml version="1.0" encoding="UTF-8"?>
<!-- Generated by org.testng.reporters.JUnitReportReporter -->
<testsuite hostname="MSI" failures="0" tests="1" name="testCases.TC_0002_UserCreationHappyFlow" time="13.139" errors="0" timestamp="2025-06-05T23:38:09 IST" skipped="0">
  <testcase classname="testCases.TC_0002_UserCreationHappyFlow" name="userCreationHappyFlow" time="13.139"/>
</testsuite> <!-- testCases.TC_0002_UserCreationHappyFlow -->
