<?xml version="1.0" encoding="UTF-8"?>
<!-- Generated by org.testng.reporters.JUnitReportReporter -->
<testsuite hostname="MSI" failures="0" tests="1" name="testCases.TC_0001_UserCreation" time="14.511" errors="0" timestamp="2025-06-05T21:38:10 IST" skipped="0">
  <testcase classname="testCases.TC_0001_UserCreation" name="create_new_user" time="14.511"/>
</testsuite> <!-- testCases.TC_0001_UserCreation -->
