<?xml version="1.0" encoding="UTF-8"?>
<!-- Generated by org.testng.reporters.JUnitReportReporter -->
<testsuite hostname="MSI" failures="0" tests="1" name="testCases.TC_0001_UserCreationHappyFlow" time="20.932" errors="0" timestamp="2025-06-14T23:14:55 IST" skipped="0">
  <testcase classname="testCases.TC_0001_UserCreationHappyFlow" name="userCreationHappyFlow" time="20.932"/>
</testsuite> <!-- testCases.TC_0001_UserCreationHappyFlow -->
